<?xml version="1.0" encoding="UTF-8"?>
<!-- Generated by org.testng.reporters.JUnitXMLReporter -->
<testsuite ignored="1" hostname="USVAWXMCSNP168" failures="0" tests="6" name="Default test" time="13.414" errors="0" timestamp="01 Aug 2022 08:46:08 GMT">
  <testcase classname="com.test.tests.ThreadPoolSizeTest" name="launchChrome" time="7.01"/>
  <testcase classname="com.test.tests.ThreadPoolSizeTest" name="launchChrome" time="7.042"/>
  <testcase classname="com.test.tests.ThreadPoolSizeTest" name="launchChrome" time="7.136"/>
  <testcase classname="com.test.tests.ThreadPoolSizeTest" name="launchChrome" time="5.995"/>
  <testcase classname="com.test.tests.ThreadPoolSizeTest" name="launchChrome" time="6.223"/>
  <testcase classname="com.test.tests.ThreadPoolSizeTest" name="launchChrome" time="6.329"/>
  <testcase classname="com.test.tests.ThreadPoolSizeTest" name="quitChrome" time="0.0">
    <ignored/>
  </testcase> <!-- quitChrome -->
</testsuite> <!-- Default test -->
