<?xml version="1.0" encoding="UTF-8"?>
<!-- Generated by org.testng.reporters.JUnitXMLReporter -->
<testsuite ignored="0" hostname="USVAWXMCSNP323" failures="0" tests="3" name="Test2" time="23.371" errors="0" timestamp="07 May 2022 08:37:17 GMT">
  <testcase classname="com.test.tests.TestDataProvider" name="testLogin" time="4.302"/>
  <testcase classname="com.test.tests.TestDataProvider" name="testLogin" time="3.577"/>
  <testcase classname="com.test.tests.TestDataProvider" name="testLogin" time="3.966"/>
</testsuite> <!-- Test2 -->
