<?xml version="1.0" encoding="UTF-8"?>
<!-- Generated by org.testng.reporters.JUnitXMLReporter -->
<testsuite ignored="0" hostname="USVAWXMCSNP323" failures="0" tests="3" name="Test" time="9.421" errors="0" timestamp="07 May 2022 08:32:42 GMT">
  <testcase classname="com.test.tests.TestDataProvider" name="testLogin" time="2.653"/>
  <testcase classname="com.test.tests.TestDataProvider" name="testLogin" time="2.442"/>
  <testcase classname="com.test.tests.TestDataProvider" name="testLogin" time="2.717"/>
</testsuite> <!-- Test -->
