<?xml version="1.0" encoding="UTF-8"?>
<testng-results ignored="1" total="7" passed="6" failed="0" skipped="0">
  <reporter-output>
  </reporter-output>
  <suite started-at="2022-08-01T08:45:55Z" name="Default suite" finished-at="2022-08-01T08:46:08Z" duration-ms="13414">
    <groups>
    </groups>
    <test started-at="2022-08-01T08:45:55Z" name="Default test" finished-at="2022-08-01T08:46:08Z" duration-ms="13414">
      <class name="com.test.tests.ThreadPoolSizeTest">
        <test-method signature="launchChrome()[pri:0, instance:com.test.tests.ThreadPoolSizeTest@71329995]" started-at="2022-08-01T08:45:55Z" name="launchChrome" finished-at="2022-08-01T08:46:02Z" duration-ms="7010" status="PASS">
          <reporter-output>
          </reporter-output>
        </test-method> <!-- launchChrome -->
        <test-method signature="launchChrome()[pri:0, instance:com.test.tests.ThreadPoolSizeTest@71329995]" started-at="2022-08-01T08:45:55Z" name="launchChrome" finished-at="2022-08-01T08:46:02Z" duration-ms="7136" status="PASS">
          <reporter-output>
          </reporter-output>
        </test-method> <!-- launchChrome -->
        <test-method signature="launchChrome()[pri:0, instance:com.test.tests.ThreadPoolSizeTest@71329995]" started-at="2022-08-01T08:45:55Z" name="launchChrome" finished-at="2022-08-01T08:46:02Z" duration-ms="7042" status="PASS">
          <reporter-output>
          </reporter-output>
        </test-method> <!-- launchChrome -->
        <test-method signature="launchChrome()[pri:0, instance:com.test.tests.ThreadPoolSizeTest@71329995]" started-at="2022-08-01T08:46:02Z" name="launchChrome" finished-at="2022-08-01T08:46:08Z" duration-ms="5995" status="PASS">
          <reporter-output>
          </reporter-output>
        </test-method> <!-- launchChrome -->
        <test-method signature="launchChrome()[pri:0, instance:com.test.tests.ThreadPoolSizeTest@71329995]" started-at="2022-08-01T08:46:02Z" name="launchChrome" finished-at="2022-08-01T08:46:08Z" duration-ms="6329" status="PASS">
          <reporter-output>
          </reporter-output>
        </test-method> <!-- launchChrome -->
        <test-method signature="launchChrome()[pri:0, instance:com.test.tests.ThreadPoolSizeTest@71329995]" started-at="2022-08-01T08:46:02Z" name="launchChrome" finished-at="2022-08-01T08:46:08Z" duration-ms="6223" status="PASS">
          <reporter-output>
          </reporter-output>
        </test-method> <!-- launchChrome -->
      </class> <!-- com.test.tests.ThreadPoolSizeTest -->
    </test> <!-- Default test -->
  </suite> <!-- Default suite -->
</testng-results>
